# JRE version: OpenJDK Runtime Environment Temurin-17.0.5+8 (17.0.5+8) (build 17.0.5+8)
# Java VM: OpenJDK 64-Bit Server VM Temurin-17.0.5+8 (17.0.5+8, mixed mode, tiered, compressed oops, compressed class ptrs, g1 gc, bsd-amd64)
GC Precious Log:
 CPUs: 4 total, 4 available
 Memory: 8192M
 Large Page Support: Disabled
 NUMA Support: Disabled
 Compressed Oops: Enabled (Zero based)
 Heap Region Size: 1M
 Heap Min Capacity: 8M
 Heap Initial Capacity: 128M
 Heap Max Capacity: 2G
 Pre-touch: Disabled
 Parallel Workers: 4
 Concurrent Workers: 1
 Concurrent Refinement Workers: 4
 Periodic GC: Disabled
Heap:
 garbage-first heap   total 168960K, used 56585K [0x0000000780000000, 0x0000000800000000)
  region size 1024K, 2 young (2048K), 1 survivors (1024K)
 Metaspace       used 18523K, committed 18752K, reserved 1073152K
  class space    used 2061K, committed 2176K, reserved 1048576K
GC Heap History (20 events):
Event: 91915.107 GC heap before
{Heap before GC invocations=3408 (full 0):
 garbage-first heap   total 168960K, used 148743K [0x0000000780000000, 0x0000000800000000)
  region size 1024K, 91 young (93184K), 1 survivors (1024K)
 Metaspace       used 18523K, committed 18752K, reserved 1073152K
  class space    used 2061K, committed 2176K, reserved 1048576K
}
Event: 91915.109 GC heap after
{Heap after GC invocations=3409 (full 0):
 garbage-first heap   total 168960K, used 56583K [0x0000000780000000, 0x0000000800000000)
  region size 1024K, 1 young (1024K), 1 survivors (1024K)
 Metaspace       used 18523K, committed 18752K, reserved 1073152K
  class space    used 2061K, committed 2176K, reserved 1048576K
}
Event: 91934.374 GC heap before
{Heap before GC invocations=3409 (full 0):
 garbage-first heap   total 168960K, used 148743K [0x0000000780000000, 0x0000000800000000)
  region size 1024K, 91 young (93184K), 1 survivors (1024K)
 Metaspace       used 18523K, committed 18752K, reserved 1073152K
  class space    used 2061K, committed 2176K, reserved 1048576K
}
Event: 91934.376 GC heap after
{Heap after GC invocations=3410 (full 0):
 garbage-first heap   total 168960K, used 56585K [0x0000000780000000, 0x0000000800000000)
  region size 1024K, 1 young (1024K), 1 survivors (1024K)
 Metaspace       used 18523K, committed 18752K, reserved 1073152K
  class space    used 2061K, committed 2176K, reserved 1048576K
}
Event: 91953.607 GC heap before
{Heap before GC invocations=3410 (full 0):
 garbage-first heap   total 168960K, used 148745K [0x0000000780000000, 0x0000000800000000)
  region size 1024K, 91 young (93184K), 1 survivors (1024K)
 Metaspace       used 18523K, committed 18752K, reserved 1073152K
  class space    used 2061K, committed 2176K, reserved 1048576K
}
Event: 91953.608 GC heap after
{Heap after GC invocations=3411 (full 0):
 garbage-first heap   total 168960K, used 56583K [0x0000000780000000, 0x0000000800000000)
  region size 1024K, 1 young (1024K), 1 survivors (1024K)
 Metaspace       used 18523K, committed 18752K, reserved 1073152K
  class space    used 2061K, committed 2176K, reserved 1048576K
}
Event: 91972.927 GC heap before
{Heap before GC invocations=3411 (full 0):
 garbage-first heap   total 168960K, used 148743K [0x0000000780000000, 0x0000000800000000)
  region size 1024K, 91 young (93184K), 1 survivors (1024K)
 Metaspace       used 18523K, committed 18752K, reserved 1073152K
  class space    used 2061K, committed 2176K, reserved 1048576K
}
Event: 91972.929 GC heap after
{Heap after GC invocations=3412 (full 0):
 garbage-first heap   total 168960K, used 56583K [0x0000000780000000, 0x0000000800000000)
  region size 1024K, 1 young (1024K), 1 survivors (1024K)
 Metaspace       used 18523K, committed 18752K, reserved 1073152K
  class space    used 2061K, committed 2176K, reserved 1048576K
}
Event: 91992.242 GC heap before
{Heap before GC invocations=3412 (full 0):
 garbage-first heap   total 168960K, used 148743K [0x0000000780000000, 0x0000000800000000)
  region size 1024K, 91 young (93184K), 1 survivors (1024K)
 Metaspace       used 18523K, committed 18752K, reserved 1073152K
  class space    used 2061K, committed 2176K, reserved 1048576K
}
Event: 91992.244 GC heap after
{Heap after GC invocations=3413 (full 0):
 garbage-first heap   total 168960K, used 56585K [0x0000000780000000, 0x0000000800000000)
  region size 1024K, 1 young (1024K), 1 survivors (1024K)
 Metaspace       used 18523K, committed 18752K, reserved 1073152K
  class space    used 2061K, committed 2176K, reserved 1048576K
}
Event: 92011.510 GC heap before
{Heap before GC invocations=3413 (full 0):
 garbage-first heap   total 168960K, used 148745K [0x0000000780000000, 0x0000000800000000)
  region size 1024K, 91 young (93184K), 1 survivors (1024K)
 Metaspace       used 18523K, committed 18752K, reserved 1073152K
  class space    used 2061K, committed 2176K, reserved 1048576K
}
Event: 92011.513 GC heap after
{Heap after GC invocations=3414 (full 0):
 garbage-first heap   total 168960K, used 56581K [0x0000000780000000, 0x0000000800000000)
  region size 1024K, 1 young (1024K), 1 survivors (1024K)
 Metaspace       used 18523K, committed 18752K, reserved 1073152K
  class space    used 2061K, committed 2176K, reserved 1048576K
}
Event: 92030.743 GC heap before
{Heap before GC invocations=3414 (full 0):
 garbage-first heap   total 168960K, used 148741K [0x0000000780000000, 0x0000000800000000)
  region size 1024K, 91 young (93184K), 1 survivors (1024K)
 Metaspace       used 18523K, committed 18752K, reserved 1073152K
  class space    used 2061K, committed 2176K, reserved 1048576K
}
Event: 92030.745 GC heap after
{Heap after GC invocations=3415 (full 0):
 garbage-first heap   total 168960K, used 56585K [0x0000000780000000, 0x0000000800000000)
  region size 1024K, 1 young (1024K), 1 survivors (1024K)
 Metaspace       used 18523K, committed 18752K, reserved 1073152K
  class space    used 2061K, committed 2176K, reserved 1048576K
}
Event: 92050.064 GC heap before
{Heap before GC invocations=3415 (full 0):
 garbage-first heap   total 168960K, used 148745K [0x0000000780000000, 0x0000000800000000)
  region size 1024K, 91 young (93184K), 1 survivors (1024K)
 Metaspace       used 18523K, committed 18752K, reserved 1073152K
  class space    used 2061K, committed 2176K, reserved 1048576K
}
Event: 92050.065 GC heap after
{Heap after GC invocations=3416 (full 0):
 garbage-first heap   total 168960K, used 56583K [0x0000000780000000, 0x0000000800000000)
  region size 1024K, 1 young (1024K), 1 survivors (1024K)
 Metaspace       used 18523K, committed 18752K, reserved 1073152K
  class space    used 2061K, committed 2176K, reserved 1048576K
}
Event: 92069.377 GC heap before
{Heap before GC invocations=3416 (full 0):
 garbage-first heap   total 168960K, used 148743K [0x0000000780000000, 0x0000000800000000)
  region size 1024K, 91 young (93184K), 1 survivors (1024K)
 Metaspace       used 18523K, committed 18752K, reserved 1073152K
  class space    used 2061K, committed 2176K, reserved 1048576K
}
Event: 92069.379 GC heap after
{Heap after GC invocations=3417 (full 0):
 garbage-first heap   total 168960K, used 56585K [0x0000000780000000, 0x0000000800000000)
  region size 1024K, 1 young (1024K), 1 survivors (1024K)
 Metaspace       used 18523K, committed 18752K, reserved 1073152K
  class space    used 2061K, committed 2176K, reserved 1048576K
}
Event: 92088.646 GC heap before
{Heap before GC invocations=3417 (full 0):
 garbage-first heap   total 168960K, used 148745K [0x0000000780000000, 0x0000000800000000)
  region size 1024K, 91 young (93184K), 1 survivors (1024K)
 Metaspace       used 18523K, committed 18752K, reserved 1073152K
  class space    used 2061K, committed 2176K, reserved 1048576K
}
Event: 92088.648 GC heap after
{Heap after GC invocations=3418 (full 0):
 garbage-first heap   total 168960K, used 56585K [0x0000000780000000, 0x0000000800000000)
  region size 1024K, 1 young (1024K), 1 survivors (1024K)
 Metaspace       used 18523K, committed 18752K, reserved 1073152K
  class space    used 2061K, committed 2176K, reserved 1048576K
}

